<?xml version="1.0" encoding="UTF-8"?>
<!-- Generated by org.testng.reporters.JUnitXMLReporter -->
<testsuite ignored="0" hostname="anupam-mac" failures="1" tests="3" name="Submit Order Test" time="41.657" errors="0" timestamp="2024-03-03T14:21:38 IST">
  <testcase classname="AnupamTesting.SeleniumFramework.tests.SubmitOrderTest" name="submitOrder" time="13.924"/>
  <testcase classname="AnupamTesting.SeleniumFramework.tests.SubmitOrderTest" name="submitOrder" time="13.24">
    <failure type="java.lang.AssertionError" message="expected [true] but found [false]">
      <![CDATA[java.lang.AssertionError: expected [true] but found [false]
at AnupamTesting.SeleniumFramework.tests.SubmitOrderTest.submitOrder(SubmitOrderTest.java:50)
at java.base/java.util.ArrayList.forEach(ArrayList.java:1511)
at java.base/java.util.concurrent.FutureTask.run(FutureTask.java:264)
at java.base/java.util.concurrent.ThreadPoolExecutor.runWorker(ThreadPoolExecutor.java:1136)
at java.base/java.util.concurrent.ThreadPoolExecutor$Worker.run(ThreadPoolExecutor.java:635)
at java.base/java.lang.Thread.run(Thread.java:840)
... Removed 22 stack frames]]>
    </failure>
  </testcase> <!-- submitOrder -->
  <testcase classname="AnupamTesting.SeleniumFramework.tests.SubmitOrderTest" name="orderHistory" time="0.0">
    <skipped/>
  </testcase> <!-- orderHistory -->
</testsuite> <!-- Submit Order Test -->
