<?xml version="1.0" encoding="UTF-8"?>
<!-- Generated by org.testng.reporters.JUnitXMLReporter -->
<testsuite ignored="0" hostname="anupam-mac" failures="1" tests="2" name="Error Validation Test" time="38.165" errors="0" timestamp="2024-03-05T13:41:39 IST">
  <testcase classname="AnupamTesting.SeleniumFramework.tests.ErrorValidationTest" name="loginValidation" time="0.877"/>
  <testcase classname="AnupamTesting.SeleniumFramework.tests.ErrorValidationTest" name="productValidation" time="23.153">
    <failure type="java.lang.AssertionError" message="expected [false] but found [true]">
      <![CDATA[java.lang.AssertionError: expected [false] but found [true]
at AnupamTesting.SeleniumFramework.tests.ErrorValidationTest.productValidation(ErrorValidationTest.java:50)
at java.base/java.util.ArrayList.forEach(ArrayList.java:1596)
at java.base/java.util.concurrent.FutureTask.run(FutureTask.java:317)
at java.base/java.util.concurrent.ThreadPoolExecutor.runWorker(ThreadPoolExecutor.java:1144)
at java.base/java.util.concurrent.ThreadPoolExecutor$Worker.run(ThreadPoolExecutor.java:642)
at java.base/java.lang.Thread.run(Thread.java:1583)
... Removed 20 stack frames]]>
    </failure>
  </testcase> <!-- productValidation -->
</testsuite> <!-- Error Validation Test -->
